{"id":"4098cc20-07c2-48db-b3c2-017bab5c3ad9","timestamp":"2021-05-16T16:24:58.468Z","serial":0,"level":"LOG","msg":"[ '/home/shivc/n/n/versions/node/10.24.1/bin/node',\n  '/mnt/c/Users/shivc/Documents/Crypto/lamassu-machine/bin/lamassu-machine',\n  '--mockBillValidator',\n  '--mockBillDispenser',\n  '--mockCam',\n  '--mockPair',\n  '17BZC4C ZWJYB6NAWN*8 LI-8.HV1*ZQHJL:*U.DQT4U+79Y+A*MLRXCXM78BV7JW3:Q-3DCUDUYB-/VSPESDM G4KL.X-DOF.LXJKF$2I:',\n  '--devBoard' ]"}
{"id":"8287d1b8-673c-4784-8f50-689c06f2e9b7","timestamp":"2021-05-16T16:24:58.487Z","serial":0,"level":"LOG","msg":"{ brain:\n   { freeMemRatio: 0.01,\n     powerStatus: null,\n     dataPath: 'data',\n     wifiConfigPath: null,\n     mockCryptoQR: { BTC: 'bc1qamfrcyurew0zzegwtgv8k04x045w5cquqcew9' },\n     mockCameraImage: 'mock_data/compliance/license.jpg',\n     connectingTimeout: 40000,\n     qrTimeout: 60000,\n     goodbyeTimeout: 2000,\n     invalidAddressTimeout: 10000,\n     billTimeout: 60000,\n     completedTimeout: 60000,\n     periodicLogInterval: 3600000,\n     insufficientFundsTimeout: 30000,\n     confirmTimeout: 60000,\n     checkIdle: 10000,\n     idleTime: 600000,\n     exitTime: 10800000,\n     checkPowerTime: 1000,\n     checkPowerTimeout: 4000,\n     promoCodeTimeout: 15000,\n     locale: { localeInfo: [Object] },\n     transactionLogPath: 'log/transaction.log',\n     certs: { certFile: 'client.pem', keyFile: 'client.key' },\n     connectionInfoPath: 'connection_info.json',\n     wsPort: 8080,\n     wsHost: 'localhost' },\n  cryptomatModel: 'sintra',\n  wifi:\n   { wpa: { socket: null },\n     connectionTimeout: 20000,\n     checkInterval: 1000,\n     scanInterval: 5000,\n     minSignal: -100,\n     maxSignal: -50,\n     truncateLength: 16 },\n  billValidator: { rs232: { device: null } },\n  billDispenser:\n   { device: null,\n     _mockedBalance: { cassettes: [Array] },\n     _mockedError: { '0x51': [Array] } },\n  id003:\n   { timeout: 60000,\n     transientTimeout: 60000,\n     resetThrottle: 120000 },\n  updater:\n   { port: 8000,\n     host: 'updates.lamassu.is',\n     updateInterval: 30000,\n     deathInterval: 600000,\n     extractor: { sigAlg: 'RSA-SHA256', hashAlg: 'sha256' } },\n  trader:\n   { protocol: 'https',\n     host: 'localhost',\n     port: 3000,\n     rejectUnauthorized: false,\n     settings:\n      { pollInterval: 5000,\n        tradeInterval: 10000,\n        retryInterval: 5000,\n        sendTimeout: 90000,\n        pollTimeout: 60000 } },\n  scanner:\n   { timeout: 120000,\n     manatee: { license: [Object] },\n     mock: { data: [Object] } },\n  mockBillValidator: true,\n  mockBillDispenser: true,\n  mockCam: true,\n  mockPair:\n   '17BZC4C ZWJYB6NAWN*8 LI-8.HV1*ZQHJL:*U.DQT4U+79Y+A*MLRXCXM78BV7JW3:Q-3DCUDUYB-/VSPESDM G4KL.X-DOF.LXJKF$2I:',\n  devBoard: true }"}
{"id":"982b5a8f-6c10-477a-bc80-c4edda5ae745","timestamp":"2021-05-16T16:24:58.731Z","serial":0,"level":"LOG","msg":"Listening on websocket localhost:8080"}
{"id":"6e959282-6c2e-45f7-b37d-a67dbf534f3f","timestamp":"2021-05-16T16:24:58.740Z","serial":0,"level":"LOG","msg":"USB reset not set up."}
{"id":"79cc05b8-d997-4132-bc5d-def270877775","timestamp":"2021-05-16T16:24:58.704Z","serial":0,"level":"LOG","msg":"DEBUG100"}
{"id":"d0f76660-3654-450b-bceb-7315ba652c4b","timestamp":"2021-05-16T16:24:58.697Z","serial":0,"level":"LOG","msg":"crypto Machine software initialized."}
{"id":"2d9173cc-1b06-4a35-94e3-e2862c83b790","timestamp":"2021-05-16T16:24:58.705Z","serial":0,"level":"LOG","msg":"LED: kill any hangovers"}
{"id":"26e254c0-f586-454a-9b80-d1221413df32","timestamp":"2021-05-16T16:24:58.752Z","serial":0,"level":"LOG","msg":"new brain state: booting"}
{"id":"3d4fc8ed-2cde-4494-b779-51de855e5da2","timestamp":"2021-05-16T16:24:58.767Z","serial":0,"level":"LOG","msg":"new brain state: booting"}
{"id":"0f99332c-d766-4f23-9567-81a8e85b79f1","timestamp":"2021-05-16T16:24:58.799Z","serial":0,"level":"LOG","msg":"server bound"}
{"id":"a20f0ea6-5523-45bd-b11a-32717e6211d6","timestamp":"2021-05-16T16:24:58.753Z","serial":0,"level":"LOG","msg":"browser not connected"}
{"id":"fe8c864a-6889-4ce2-be0a-f7f4d8e703e1","timestamp":"2021-05-16T16:24:58.758Z","serial":0,"level":"LOG","msg":"DEBUG1"}
{"id":"eece1911-6ff0-4810-966d-410dae670dbe","timestamp":"2021-05-16T16:24:58.803Z","serial":0,"level":"LOG","msg":"version: 7.5.0-beta.2, cpuLoad: 0.58, memUse: 61.5 MB, memFree: 28.4%\n  nodeUptime: 0.00h, osUptime: 34.35h"}
{"id":"5666250c-1898-4f83-ba3a-e7fe282b0098","timestamp":"2021-05-16T16:24:58.763Z","serial":0,"level":"LOG","msg":"new brain state: wifiConnected"}
{"id":"62c6339c-975e-40c1-b68b-de0b26e5cf76","timestamp":"2021-05-16T16:24:59.073Z","serial":0,"level":"LOG","msg":"Processing pending txs..."}
{"id":"820dc1db-1461-44f0-83e3-5f61fd7081e2","timestamp":"2021-05-16T16:24:59.075Z","serial":0,"level":"LOG","msg":"new brain state: pendingIdle"}
{"id":"1c481e7c-7bd2-459e-8356-05fe51a7065e","timestamp":"2021-05-16T16:24:59.076Z","serial":0,"level":"LOG","msg":"Waiting for server..."}
{"id":"d54d763d-41f5-497b-a86e-efddc1116369","timestamp":"2021-05-16T16:24:59.080Z","serial":0,"level":"LOG","msg":"Processing 1 db files"}
{"id":"9e36437a-953e-49e6-bd6d-255cf6247e84","timestamp":"2021-05-16T16:24:59.095Z","serial":0,"level":"LOG","msg":"No pending txs to process."}
{"id":"6832c970-cc60-426f-8db5-2fbd7afee808","timestamp":"2021-05-16T16:24:59.205Z","serial":0,"level":"LOG","msg":"new brain state: chooseCoin"}
{"id":"490efc00-573e-49ff-8cce-3ef715e602aa","timestamp":"2021-05-16T16:24:59.279Z","serial":0,"level":"LOG","msg":"Bill validator connected."}
{"id":"360da6c6-38aa-4e02-99a8-02ffcf344669","timestamp":"2021-05-16T16:24:59.280Z","serial":0,"level":"LOG","msg":"Bills server listening on port 3077"}
{"id":"59e3539e-bbc0-4705-ac17-89f0e5e5181f","timestamp":"2021-05-16T16:26:12.059Z","serial":0,"level":"LOG","msg":"connected to browser"}
{"id":"77753e2d-9b57-4c62-bb94-02c3c0ceb206","timestamp":"2021-05-16T16:26:13.907Z","serial":0,"level":"LOG","msg":"new brain state: scanAddress"}
{"id":"725861a0-a4c8-4216-b68f-0948026098b0","timestamp":"2021-05-16T16:26:18.913Z","serial":0,"level":"LOG","msg":"DEBUG16: [main] *bc1qamfrcyurew0zzegwtgv8k04x045w5cquqcew9*"}
{"id":"039b65b2-5af4-4820-a9cc-f3d63966e575","timestamp":"2021-05-16T16:26:18.918Z","serial":0,"level":"LOG","msg":"Failed to decode base58 address: Non-base58 character"}
{"id":"920a26e1-1c4c-418f-8cd8-1ca364330a32","timestamp":"2021-05-16T16:26:18.921Z","serial":0,"level":"LOG","msg":"Failed to decode bech32 address"}
{"id":"fc3aca4d-805a-4593-953e-2e5b9879027d","timestamp":"2021-05-16T16:26:18.924Z","serial":0,"level":"LOG","msg":"new brain state: invalidAddress"}
{"id":"9cf5905b-8dd3-4761-b8ff-3a8eadeda65f","timestamp":"2021-05-16T16:26:28.933Z","serial":0,"level":"LOG","msg":"new brain state: pendingIdle"}
{"id":"4fad8895-a0ee-4ba6-a4a3-ad2b0365af81","timestamp":"2021-05-16T16:26:29.223Z","serial":0,"level":"LOG","msg":"new brain state: chooseCoin"}
{"id":"d12c2c99-0af8-4164-b93a-0c661fd71b7a","timestamp":"2021-05-16T16:33:42.835Z","serial":0,"level":"LOG","msg":"[ '/home/shivc/n/n/versions/node/10.24.1/bin/node',\n  '/mnt/c/Users/shivc/Documents/Crypto/lamassu-machine/bin/lamassu-machine',\n  '--mockBillValidator',\n  '--mockBillDispenser',\n  '--mockCam',\n  '--mockPair',\n  '17BZC4C ZWJYB6NAWN*8 LI-8.HV1*ZQHJL:*U.DQT4U+79Y+A*MLRXCXM78BV7JW3:Q-3DCUDUYB-/VSPESDM G4KL.X-DOF.LXJKF$2I:',\n  '--devBoard' ]"}
{"id":"d6d090a6-a3ab-4b51-8172-f8acde17684c","timestamp":"2021-05-16T16:33:42.844Z","serial":0,"level":"LOG","msg":"{ brain:\n   { freeMemRatio: 0.01,\n     powerStatus: null,\n     dataPath: 'data',\n     wifiConfigPath: null,\n     mockCryptoQR: { BTC: 'bc1qamfrcyurew0zzegwtgv8k04x045w5cquqcew94' },\n     mockCameraImage: 'mock_data/compliance/license.jpg',\n     connectingTimeout: 40000,\n     qrTimeout: 60000,\n     goodbyeTimeout: 2000,\n     invalidAddressTimeout: 10000,\n     billTimeout: 60000,\n     completedTimeout: 60000,\n     periodicLogInterval: 3600000,\n     insufficientFundsTimeout: 30000,\n     confirmTimeout: 60000,\n     checkIdle: 10000,\n     idleTime: 600000,\n     exitTime: 10800000,\n     checkPowerTime: 1000,\n     checkPowerTimeout: 4000,\n     promoCodeTimeout: 15000,\n     locale: { localeInfo: [Object] },\n     transactionLogPath: 'log/transaction.log',\n     certs: { certFile: 'client.pem', keyFile: 'client.key' },\n     connectionInfoPath: 'connection_info.json',\n     wsPort: 8080,\n     wsHost: 'localhost' },\n  cryptomatModel: 'gaia',\n  wifi:\n   { wpa: { socket: null },\n     connectionTimeout: 20000,\n     checkInterval: 1000,\n     scanInterval: 5000,\n     minSignal: -100,\n     maxSignal: -50,\n     truncateLength: 16 },\n  billValidator: { rs232: { device: null } },\n  billDispenser:\n   { device: null,\n     _mockedBalance: { cassettes: [Array] },\n     _mockedError: { '0x51': [Array] } },\n  id003:\n   { timeout: 60000,\n     transientTimeout: 60000,\n     resetThrottle: 120000 },\n  updater:\n   { port: 8000,\n     host: 'updates.lamassu.is',\n     updateInterval: 30000,\n     deathInterval: 600000,\n     extractor: { sigAlg: 'RSA-SHA256', hashAlg: 'sha256' } },\n  trader:\n   { protocol: 'https',\n     host: 'localhost',\n     port: 3000,\n     rejectUnauthorized: false,\n     settings:\n      { pollInterval: 5000,\n        tradeInterval: 10000,\n        retryInterval: 5000,\n        sendTimeout: 90000,\n        pollTimeout: 60000 } },\n  scanner:\n   { timeout: 120000,\n     manatee: { license: [Object] },\n     mock: { data: [Object] } },\n  mockBillValidator: true,\n  mockBillDispenser: true,\n  mockCam: true,\n  mockPair:\n   '17BZC4C ZWJYB6NAWN*8 LI-8.HV1*ZQHJL:*U.DQT4U+79Y+A*MLRXCXM78BV7JW3:Q-3DCUDUYB-/VSPESDM G4KL.X-DOF.LXJKF$2I:',\n  devBoard: true }"}
{"id":"3d7cb240-be8f-4cd9-8425-cb1412d17ec3","timestamp":"2021-05-16T16:33:43.003Z","serial":0,"level":"LOG","msg":"Listening on websocket localhost:8080"}
{"id":"682a3414-aed9-45a4-932f-ce8af93542f0","timestamp":"2021-05-16T16:33:43.025Z","serial":0,"level":"LOG","msg":"USB reset not set up."}
{"id":"53ec01e1-9754-43f7-971c-626a2141e427","timestamp":"2021-05-16T16:33:42.984Z","serial":0,"level":"LOG","msg":"LED: kill any hangovers"}
{"id":"51ca9c10-feec-4ea9-9e48-44596028afd8","timestamp":"2021-05-16T16:33:42.976Z","serial":0,"level":"LOG","msg":"crypto Machine software initialized."}
{"id":"fa4ff5f7-4b26-41e1-b496-d0300cccb5d6","timestamp":"2021-05-16T16:33:42.983Z","serial":0,"level":"LOG","msg":"DEBUG100"}
{"id":"69b64793-57f1-4226-9e5c-0665e9012cb6","timestamp":"2021-05-16T16:33:43.032Z","serial":0,"level":"LOG","msg":"new brain state: booting"}
{"id":"4c01f914-8e8b-4b1e-b156-839c6f5c24e2","timestamp":"2021-05-16T16:33:43.033Z","serial":0,"level":"LOG","msg":"browser not connected"}
{"id":"73407af9-fe8b-4d3d-84a8-b199620c5665","timestamp":"2021-05-16T16:33:43.082Z","serial":0,"level":"LOG","msg":"server bound"}
{"id":"128a2e2e-9fe4-4b17-ad6e-1564b8d90e1a","timestamp":"2021-05-16T16:33:43.086Z","serial":0,"level":"LOG","msg":"version: 7.5.0-beta.2, cpuLoad: 0.58, memUse: 61.2 MB, memFree: 30.7%\n  nodeUptime: 0.00h, osUptime: 34.50h"}
{"id":"fcb00cf0-4f92-45b5-9b96-8dfa4d8ca112","timestamp":"2021-05-16T16:33:43.038Z","serial":0,"level":"LOG","msg":"DEBUG1"}
{"id":"a3111296-9b01-4025-a53d-f11d3ae0d6d0","timestamp":"2021-05-16T16:33:43.040Z","serial":0,"level":"LOG","msg":"new brain state: wifiConnected"}
{"id":"4a2c662a-57e7-4b90-9b13-e23376cc4ed6","timestamp":"2021-05-16T16:33:43.049Z","serial":0,"level":"LOG","msg":"new brain state: booting"}
{"id":"bb801162-3fbc-4c3f-981c-ba083c6d2e59","timestamp":"2021-05-16T16:33:43.229Z","serial":0,"level":"LOG","msg":"connected to browser"}
{"id":"05b1fb14-d1d0-4d2d-a0ee-aef873f4b4ab","timestamp":"2021-05-16T16:33:43.276Z","serial":0,"level":"LOG","msg":"Processing pending txs..."}
{"id":"3f55dd20-4234-4926-87d0-1c3d9cb2f021","timestamp":"2021-05-16T16:33:43.281Z","serial":0,"level":"LOG","msg":"Waiting for server..."}
{"id":"9334fa34-81ee-43cf-a66a-080a2f15422d","timestamp":"2021-05-16T16:33:43.278Z","serial":0,"level":"LOG","msg":"new brain state: pendingIdle"}
{"id":"ac225289-c817-40ff-8a14-b5b7bb8ff4b1","timestamp":"2021-05-16T16:33:43.286Z","serial":0,"level":"LOG","msg":"Processing 1 db files"}
{"id":"a0eae9c6-02cb-4fe6-a462-b6b9bb844344","timestamp":"2021-05-16T16:33:43.291Z","serial":0,"level":"LOG","msg":"No pending txs to process."}
{"id":"471e1e42-28d2-42f9-89c8-43c721261e46","timestamp":"2021-05-16T16:33:43.412Z","serial":0,"level":"LOG","msg":"new brain state: chooseCoin"}
{"id":"f121a528-e551-4028-b8dc-b8c07066d773","timestamp":"2021-05-16T16:33:43.484Z","serial":0,"level":"LOG","msg":"Bill validator connected."}
{"id":"b828a9a0-861b-47d7-a678-c3f8f2057b80","timestamp":"2021-05-16T16:33:43.486Z","serial":0,"level":"LOG","msg":"Bills server listening on port 3077"}
{"id":"642948b0-f941-4750-ade6-db2c0daec042","timestamp":"2021-05-16T16:33:49.514Z","serial":0,"level":"LOG","msg":"connected to browser"}
{"id":"248f216d-b82a-4ec1-87af-083319f8ec79","timestamp":"2021-05-16T16:33:51.239Z","serial":0,"level":"LOG","msg":"new brain state: scanAddress"}
{"id":"ca429f7a-f9c8-4d42-9d99-940b45542005","timestamp":"2021-05-16T16:33:56.247Z","serial":0,"level":"LOG","msg":"DEBUG16: [main] *bc1qamfrcyurew0zzegwtgv8k04x045w5cquqcew94*"}
{"id":"59beb0e6-d29f-4e61-b5af-c755696e1f6a","timestamp":"2021-05-16T16:33:56.255Z","serial":0,"level":"LOG","msg":"Failed to decode base58 address: Non-base58 character"}
{"id":"8cb63f0e-dc97-4f07-9c96-c5840de0c63b","timestamp":"2021-05-16T16:33:56.651Z","serial":0,"level":"LOG","msg":"new brain state: acceptingFirstBill"}
{"id":"237585ea-eaf0-4529-a868-40f4b1e3d4bd","timestamp":"2021-05-16T16:34:56.662Z","serial":0,"level":"LOG","msg":"new brain state: pendingIdle"}
{"id":"86370a9e-9f08-491c-8735-bf48f0178d17","timestamp":"2021-05-16T16:34:56.971Z","serial":0,"level":"LOG","msg":"new brain state: chooseCoin"}
{"id":"ab720d8f-5884-4c23-80a9-7fe6fa30633f","timestamp":"2021-05-16T16:38:18.230Z","serial":0,"level":"LOG","msg":"Temporary network hiccup [Request timed out]"}
{"id":"c9d309c3-21ea-4d83-907d-374fbc3dd351","timestamp":"2021-05-16T17:04:42.354Z","serial":0,"level":"LOG","msg":"Temporary network hiccup [Request timed out]"}
{"id":"b71bbded-bb47-434b-8b48-6400113ca830","timestamp":"2021-05-16T17:04:52.420Z","serial":0,"level":"LOG","msg":"new brain state: scanAddress"}
{"id":"0a7f9080-b239-46b4-96c2-f402493d7970","timestamp":"2021-05-16T17:04:55.971Z","serial":0,"level":"LOG","msg":"connected to browser"}
{"id":"fda7f4d4-9151-45a0-94fe-a9c47d66fccc","timestamp":"2021-05-16T17:04:57.423Z","serial":0,"level":"LOG","msg":"DEBUG16: [main] *bc1qamfrcyurew0zzegwtgv8k04x045w5cquqcew94*"}
{"id":"070ccaf1-06dc-4a3e-bf81-1d5ab58940b8","timestamp":"2021-05-16T17:04:57.424Z","serial":0,"level":"LOG","msg":"Failed to decode base58 address: Non-base58 character"}
{"id":"9610908f-1273-4edc-ba9f-000d8a98fafb","timestamp":"2021-05-16T17:04:57.683Z","serial":0,"level":"LOG","msg":"new brain state: acceptingFirstBill"}
{"id":"853fec3a-6826-4c2f-b797-f9de5d5e0cf6","timestamp":"2021-05-16T17:07:02.877Z","serial":0,"level":"LOG","msg":"new brain state: billRead"}
{"id":"32f45989-676e-4258-8e8f-ecb6202384b3","timestamp":"2021-05-16T17:07:02.883Z","serial":0,"level":"LOG","msg":"fastUpdateTx { fiat: BigNumber { s: 1, e: 2, c: [ 100 ] },\n  bills:\n   [ { id: '220eed60-271d-466e-bbd4-010e0dc7fafc',\n       fiat: [BigNumber],\n       fiatCode: 'GTQ',\n       cryptoAtoms: [BigNumber],\n       cryptoAtomsAfterFee: [BigNumber],\n       cryptoCode: 'BTC',\n       cashInFee: [BigNumber],\n       cashInFeeCrypto: [BigNumber],\n       cashInTxsId: '8c253999-d3fb-4f52-aae7-87ec5e91b104',\n       deviceTime: 1621184822872 } ] }"}
{"id":"3fe6330a-1cb9-4ac9-825c-ba4b4a8534c5","timestamp":"2021-05-16T17:07:02.920Z","serial":0,"level":"LOG","msg":"new brain state: acceptingBills"}
{"id":"b7139c70-2ad9-4f05-85fe-0eb4da746b61","timestamp":"2021-05-16T17:07:17.798Z","serial":0,"level":"LOG","msg":"new brain state: billRead"}
{"id":"72b805b1-1663-4592-9205-cf70133fafd7","timestamp":"2021-05-16T17:07:17.800Z","serial":0,"level":"LOG","msg":"fastUpdateTx { fiat: BigNumber { s: 1, e: 2, c: [ 100 ] },\n  bills:\n   [ { id: '2569c32f-1ae1-49a6-bb2d-20f0249d3d12',\n       fiat: [BigNumber],\n       fiatCode: 'GTQ',\n       cryptoAtoms: [BigNumber],\n       cryptoAtomsAfterFee: [BigNumber],\n       cryptoCode: 'BTC',\n       cashInFee: [BigNumber],\n       cashInFeeCrypto: [BigNumber],\n       cashInTxsId: '8c253999-d3fb-4f52-aae7-87ec5e91b104',\n       deviceTime: 1621184837795 } ] }"}
{"id":"c88406c9-50f6-42a3-8534-90f28551455f","timestamp":"2021-05-16T17:07:17.827Z","serial":0,"level":"LOG","msg":"new brain state: acceptingBills"}
{"id":"996375ce-a0e7-4856-9d6a-781eb7a1145f","timestamp":"2021-05-16T17:07:29.005Z","serial":0,"level":"LOG","msg":"new brain state: smsVerification"}
{"id":"767ed236-5ccf-44d9-8609-d410eb29e65c","timestamp":"2021-05-16T17:07:36.432Z","serial":0,"level":"LOG","msg":"new brain state: registerPhone"}
{"id":"c7a7a01d-fa97-443d-ad3b-8060375d51f0","timestamp":"2021-05-16T17:07:56.142Z","serial":0,"level":"LOG","msg":"new brain state: waiting"}
{"id":"88e6fba6-3945-4c31-9ede-7cf2e7cc8ac5","timestamp":"2021-05-16T17:07:56.651Z","serial":0,"level":"LOG","msg":"new brain state: securityCode"}
{"id":"812ed64b-8ea9-407f-8d0c-a60674695123","timestamp":"2021-05-16T17:09:28.636Z","serial":0,"level":"LOG","msg":"new brain state: badSecurityCode"}
{"id":"fc3745cc-3057-4079-aa13-52070379f0f6","timestamp":"2021-05-16T17:09:32.293Z","serial":0,"level":"LOG","msg":"new brain state: waiting"}
{"id":"ed2d2c98-c5f3-4a43-9d1c-7f23b62eb719","timestamp":"2021-05-16T17:09:32.798Z","serial":0,"level":"LOG","msg":"new brain state: securityCode"}
{"id":"da4019b0-5c27-4935-b4ee-6f72aa86330f","timestamp":"2021-05-16T17:09:41.427Z","serial":0,"level":"LOG","msg":"new brain state: badSecurityCode"}
{"id":"bda7816b-207f-4d31-92b2-d0d515e39542","timestamp":"2021-05-16T17:10:11.437Z","serial":0,"level":"LOG","msg":"fastUpdateTx {}"}
{"id":"f2ab1be4-0ee7-46db-b669-cb08b774fb3e","timestamp":"2021-05-16T17:10:11.471Z","serial":0,"level":"ERROR","msg":"(node:4933) MaxListenersExceededWarning: Possible EventEmitter memory leak detected. 11 exit listeners added. Use emitter.setMaxListeners() to increase limit"}
{"id":"3700f74c-00e4-4471-94b6-50726642907e","timestamp":"2021-05-16T17:10:11.455Z","serial":0,"level":"LOG","msg":"new brain state: acceptingBills"}
{"id":"b7611fd1-8391-4d5b-9f19-160682b33198","timestamp":"2021-05-16T17:11:14.011Z","serial":0,"level":"LOG","msg":"Error sending cryptos: Response code 500 (Internal Server Error)"}
{"id":"f6b03a25-b9f9-4398-a520-02718d465787","timestamp":"2021-05-16T17:11:14.013Z","serial":0,"level":"LOG","msg":"new brain state: withdrawFailure"}
{"id":"87aa6569-4a68-42c2-b12d-1d92adab2545","timestamp":"2021-05-16T17:11:20.589Z","serial":0,"level":"LOG","msg":"new brain state: goodbye"}
{"id":"2cdfe965-251f-495e-912d-c9cb49b6539f","timestamp":"2021-05-16T17:11:22.593Z","serial":0,"level":"LOG","msg":"new brain state: pendingIdle"}
{"id":"8ce74286-a945-47c8-82b8-86b3dfba185a","timestamp":"2021-05-16T17:11:22.807Z","serial":0,"level":"LOG","msg":"new brain state: chooseCoin"}
{"id":"cb440456-8968-4b56-81bd-f60ff77f310d","timestamp":"2021-05-16T17:12:09.055Z","serial":0,"level":"LOG","msg":"new brain state: scanAddress"}
{"id":"45b09732-e87c-4d3f-bb85-5e7847bc8753","timestamp":"2021-05-16T17:12:14.060Z","serial":0,"level":"LOG","msg":"DEBUG16: [main] *bc1qamfrcyurew0zzegwtgv8k04x045w5cquqcew94*"}
{"id":"bd0d62d8-0323-461f-9fcb-6528153e68e2","timestamp":"2021-05-16T17:12:14.063Z","serial":0,"level":"LOG","msg":"Failed to decode base58 address: Non-base58 character"}
{"id":"f1e30fd3-4c15-409e-a871-9abb1a13aec3","timestamp":"2021-05-16T17:12:14.436Z","serial":0,"level":"LOG","msg":"new brain state: acceptingFirstBill"}
{"id":"37cb0483-a06c-4e2e-9e74-39e9438d28b5","timestamp":"2021-05-16T17:12:20.532Z","serial":0,"level":"LOG","msg":"new brain state: billRead"}
{"id":"908edeb0-65e9-457a-b8d8-da5bc750741b","timestamp":"2021-05-16T17:12:20.534Z","serial":0,"level":"LOG","msg":"fastUpdateTx { fiat: BigNumber { s: 1, e: 2, c: [ 100 ] },\n  bills:\n   [ { id: '839b8998-9117-4c6b-90b8-c5d9303d3010',\n       fiat: [BigNumber],\n       fiatCode: 'GTQ',\n       cryptoAtoms: [BigNumber],\n       cryptoAtomsAfterFee: [BigNumber],\n       cryptoCode: 'BTC',\n       cashInFee: [BigNumber],\n       cashInFeeCrypto: [BigNumber],\n       cashInTxsId: 'f1fa3b67-6250-4f84-b9c9-f74e6a1e4219',\n       deviceTime: 1621185140530 } ] }"}
{"id":"5dd1e0e2-cfa6-49a6-afe4-c985982741cc","timestamp":"2021-05-16T17:12:20.575Z","serial":0,"level":"LOG","msg":"new brain state: acceptingBills"}
{"id":"e3e7206e-b904-4047-bd3f-d39729b8ae36","timestamp":"2021-05-16T17:12:21.646Z","serial":0,"level":"LOG","msg":"new brain state: billRead"}
{"id":"4280879c-756b-495d-9896-4320d1ec95c7","timestamp":"2021-05-16T17:12:21.648Z","serial":0,"level":"LOG","msg":"fastUpdateTx { fiat: BigNumber { s: 1, e: 2, c: [ 100 ] },\n  bills:\n   [ { id: 'f5ff36f9-3e17-4bbe-931b-de06d0a6e440',\n       fiat: [BigNumber],\n       fiatCode: 'GTQ',\n       cryptoAtoms: [BigNumber],\n       cryptoAtomsAfterFee: [BigNumber],\n       cryptoCode: 'BTC',\n       cashInFee: [BigNumber],\n       cashInFeeCrypto: [BigNumber],\n       cashInTxsId: 'f1fa3b67-6250-4f84-b9c9-f74e6a1e4219',\n       deviceTime: 1621185141644 } ] }"}
{"id":"613eb472-b294-4132-bf3a-6cef3ca46e6d","timestamp":"2021-05-16T17:12:21.686Z","serial":0,"level":"LOG","msg":"new brain state: acceptingBills"}
{"id":"231b4ea0-fd9b-48cc-bbc1-21e86e3b944c","timestamp":"2021-05-16T17:12:33.692Z","serial":0,"level":"LOG","msg":"new brain state: smsVerification"}
{"id":"008b2f49-d09c-43fc-bb28-732d3b32d512","timestamp":"2021-05-16T17:12:39.239Z","serial":0,"level":"LOG","msg":"new brain state: registerPhone"}
{"id":"083d5873-c9c9-4ae3-beb0-795640eb4f67","timestamp":"2021-05-16T17:14:39.419Z","serial":0,"level":"LOG","msg":"fastUpdateTx {}"}
{"id":"bc4afdf1-b0b6-47b6-be7b-5a121ffa0606","timestamp":"2021-05-16T17:14:39.435Z","serial":0,"level":"LOG","msg":"new brain state: acceptingBills"}
{"id":"d53e5d9c-b5ff-4a42-a17b-82deee7b8a7c","timestamp":"2021-05-16T17:15:42.008Z","serial":0,"level":"LOG","msg":"Error sending cryptos: Response code 500 (Internal Server Error)"}
{"id":"357845eb-e231-4430-9a3b-ff9af0b876dd","timestamp":"2021-05-16T17:15:42.010Z","serial":0,"level":"LOG","msg":"new brain state: withdrawFailure"}
{"id":"36a3133e-c286-4d6e-afa4-0a4b1a1b7570","timestamp":"2021-05-16T17:16:42.012Z","serial":0,"level":"LOG","msg":"new brain state: pendingIdle"}
{"id":"838899f1-2e94-4658-931e-c30e42e31d13","timestamp":"2021-05-16T17:16:42.326Z","serial":0,"level":"LOG","msg":"new brain state: chooseCoin"}
{"id":"ddf0754f-f629-438a-937f-269d073a7ae1","timestamp":"2021-05-16T17:17:18.283Z","serial":0,"level":"LOG","msg":"new brain state: scanAddress"}
{"id":"33dae742-0ab9-4cfb-9dc5-cc4d5b0cdf10","timestamp":"2021-05-16T17:17:23.289Z","serial":0,"level":"LOG","msg":"DEBUG16: [main] *bc1qamfrcyurew0zzegwtgv8k04x045w5cquqcew94*"}
{"id":"db9a4276-f625-4280-8abf-b7b7e77a5fa6","timestamp":"2021-05-16T17:17:23.292Z","serial":0,"level":"LOG","msg":"Failed to decode base58 address: Non-base58 character"}
{"id":"e21e7f27-d036-4053-bee4-c7eb7db131c4","timestamp":"2021-05-16T17:17:23.590Z","serial":0,"level":"LOG","msg":"new brain state: acceptingFirstBill"}
{"id":"5a4ebcfe-4f65-4c2f-9c31-25b79ff2fbc3","timestamp":"2021-05-16T17:17:30.972Z","serial":0,"level":"LOG","msg":"fastUpdateTx { fiat: BigNumber { s: 1, e: 2, c: [ 200 ] },\n  bills:\n   [ { id: 'b15a182b-5889-4f5e-b318-48a6661403d9',\n       fiat: [BigNumber],\n       fiatCode: 'GTQ',\n       cryptoAtoms: [BigNumber],\n       cryptoAtomsAfterFee: [BigNumber],\n       cryptoCode: 'BTC',\n       cashInFee: [BigNumber],\n       cashInFeeCrypto: [BigNumber],\n       cashInTxsId: 'b6c1edcf-f0f5-4dd7-9f43-801e9b1e3a21',\n       deviceTime: 1621185450967 } ] }"}
{"id":"91f9b5d1-6f6d-43b1-9f74-da2898f6ba5e","timestamp":"2021-05-16T17:17:30.970Z","serial":0,"level":"LOG","msg":"new brain state: billRead"}
{"id":"0ce9f9a6-7e10-4297-9d2d-54994560b681","timestamp":"2021-05-16T17:17:31.009Z","serial":0,"level":"LOG","msg":"new brain state: acceptingBills"}
{"id":"83bfe545-354c-47e8-984e-19575838cba7","timestamp":"2021-05-16T17:17:36.069Z","serial":0,"level":"LOG","msg":"new brain state: smsVerification"}
{"id":"5aedd8c1-6986-4041-9dbd-93d6950fb5f0","timestamp":"2021-05-16T17:17:39.999Z","serial":0,"level":"LOG","msg":"new brain state: registerPhone"}
{"id":"723fa6f8-8caa-4efd-a42c-2b85db6fba29","timestamp":"2021-05-16T17:18:38.240Z","serial":0,"level":"LOG","msg":"new brain state: waiting"}
{"id":"384090ec-7f96-4266-9921-e7fe65b46875","timestamp":"2021-05-16T17:18:38.747Z","serial":0,"level":"LOG","msg":"new brain state: securityCode"}
{"id":"6f667072-f054-4c8c-a3d9-573a1b82be48","timestamp":"2021-05-16T17:19:36.416Z","serial":0,"level":"LOG","msg":"fastUpdateTx {}"}
{"id":"7c0ec870-6931-44b6-9327-466f5593a6bb","timestamp":"2021-05-16T17:19:36.429Z","serial":0,"level":"LOG","msg":"new brain state: acceptingBills"}
{"id":"4460c306-7d95-469d-8957-c4f469135126","timestamp":"2021-05-16T17:19:39.309Z","serial":0,"level":"LOG","msg":"connected to browser"}
{"id":"bee898df-e650-4ab3-99ab-f68025dcdfce","timestamp":"2021-05-16T17:19:46.404Z","serial":0,"level":"LOG","msg":"Error sending cryptos: Response code 500 (Internal Server Error)"}
{"id":"229508b0-4b79-4894-b7aa-af57f46780c4","timestamp":"2021-05-16T17:19:46.405Z","serial":0,"level":"LOG","msg":"new brain state: withdrawFailure"}
{"id":"5112f522-2cdf-4691-bac7-eb4e8aa7d94b","timestamp":"2021-05-16T17:19:52.758Z","serial":0,"level":"LOG","msg":"connected to browser"}
{"id":"e96286d4-d63c-4554-8a86-55aeb5ae4d55","timestamp":"2021-05-16T17:19:54.933Z","serial":0,"level":"LOG","msg":"connected to browser"}
{"id":"0a028f65-3cc2-4932-a9bf-049a63060bbb","timestamp":"2021-05-16T17:20:16.322Z","serial":0,"level":"LOG","msg":"connected to browser"}
{"id":"df1768d0-08d9-42fc-9b22-048150068a51","timestamp":"2021-05-16T17:20:46.037Z","serial":0,"level":"LOG","msg":"connected to browser"}
{"id":"38be8d3f-2144-4e17-ba88-ccfd842372e3","timestamp":"2021-05-16T17:20:46.408Z","serial":0,"level":"LOG","msg":"new brain state: pendingIdle"}
{"id":"2aaabdd8-7d49-480a-8bfc-74c8bf4ec665","timestamp":"2021-05-16T17:20:46.738Z","serial":0,"level":"LOG","msg":"new brain state: chooseCoin"}
{"id":"05eda5dc-90cf-4a22-8816-ca6d5b1b68d6","timestamp":"2021-05-16T17:20:48.461Z","serial":0,"level":"LOG","msg":"new brain state: scanAddress"}
{"id":"3c2f163c-84eb-4939-b058-4d1d078e7894","timestamp":"2021-05-16T17:20:53.465Z","serial":0,"level":"LOG","msg":"DEBUG16: [main] *bc1qamfrcyurew0zzegwtgv8k04x045w5cquqcew94*"}
{"id":"50a70e2a-7bae-44e2-8789-8dce0da7a4f5","timestamp":"2021-05-16T17:20:53.468Z","serial":0,"level":"LOG","msg":"Failed to decode base58 address: Non-base58 character"}
{"id":"5992fa6e-e329-408e-9d81-51a34842d32e","timestamp":"2021-05-16T17:20:53.749Z","serial":0,"level":"LOG","msg":"new brain state: acceptingFirstBill"}
{"id":"c41c73b8-fdb4-4274-aff0-1624675a6a4a","timestamp":"2021-05-16T17:21:00.747Z","serial":0,"level":"LOG","msg":"new brain state: billRead"}
{"id":"82f0f575-d482-4636-80a9-b546c521ffe5","timestamp":"2021-05-16T17:21:00.749Z","serial":0,"level":"LOG","msg":"fastUpdateTx { fiat: BigNumber { s: 1, e: 2, c: [ 200 ] },\n  bills:\n   [ { id: 'd2b0d6d4-20ca-45ec-9009-d3f90bf193ee',\n       fiat: [BigNumber],\n       fiatCode: 'GTQ',\n       cryptoAtoms: [BigNumber],\n       cryptoAtomsAfterFee: [BigNumber],\n       cryptoCode: 'BTC',\n       cashInFee: [BigNumber],\n       cashInFeeCrypto: [BigNumber],\n       cashInTxsId: '1c2b285c-44e7-4811-a6a4-0b0b4a42bb97',\n       deviceTime: 1621185660745 } ] }"}
{"id":"b38dad82-54fa-4268-9b34-7189129ee3d8","timestamp":"2021-05-16T17:21:00.761Z","serial":0,"level":"LOG","msg":"new brain state: acceptingBills"}
{"id":"a6c034cf-c907-4e5f-a837-71eac3dd329e","timestamp":"2021-05-16T17:21:01.895Z","serial":0,"level":"LOG","msg":"new brain state: smsVerification"}
{"id":"3cb5a332-c9b4-4ca3-a255-85164ad6095c","timestamp":"2021-05-16T17:21:09.709Z","serial":0,"level":"LOG","msg":"new brain state: registerPhone"}
{"id":"46fae6af-c56f-4f8d-a051-b0a3f9176759","timestamp":"2021-05-16T17:26:53.730Z","serial":0,"level":"LOG","msg":"new brain state: waiting"}
{"id":"aab2cab7-0010-4b6b-b7fd-2c65d671364b","timestamp":"2021-05-16T17:26:54.235Z","serial":0,"level":"LOG","msg":"new brain state: securityCode"}
{"id":"659c531b-f602-43a8-8c3d-5a3ec3f69048","timestamp":"2021-05-16T17:29:12.739Z","serial":0,"level":"LOG","msg":"Temporary network hiccup [connect ECONNREFUSED 127.0.0.1:3000]"}
{"id":"bae431e9-e970-4c4b-9c17-bef6c1819515","timestamp":"2021-05-16T17:29:17.665Z","serial":0,"level":"LOG","msg":"Temporary network hiccup [connect ECONNREFUSED 127.0.0.1:3000]"}
{"id":"5b0573e1-d1ec-4643-b5ba-4d0186a13db1","timestamp":"2021-05-16T17:29:22.664Z","serial":0,"level":"LOG","msg":"Temporary network hiccup [connect ECONNREFUSED 127.0.0.1:3000]"}
{"id":"1db7f4bf-8e38-44f7-8cc3-64ccf5e505a3","timestamp":"2021-05-16T17:29:42.394Z","serial":0,"level":"LOG","msg":"Sync logs error: { RequestError: connect ECONNREFUSED 127.0.0.1:3000\n    at ClientRequest.req.once.err (/mnt/c/Users/shivc/Documents/Crypto/lamassu-machine/node_modules/got/index.js:111:21)\n    at Object.onceWrapper (events.js:286:20)\n    at ClientRequest.emit (events.js:203:15)\n    at TLSSocket.socketErrorListener (_http_client.js:401:9)\n    at TLSSocket.emit (events.js:198:13)\n    at emitErrorNT (internal/streams/destroy.js:91:8)\n    at emitErrorAndCloseNT (internal/streams/destroy.js:59:3)\n    at process._tickCallback (internal/process/next_tick.js:63:19)\n  name: 'RequestError',\n  code: 'ECONNREFUSED',\n  host: 'localhost',\n  hostname: null,\n  method: 'GET',\n  path: '/logs',\n  protocol: 'https:',\n  url: '/logs' }"}
{"id":"9a32fbc0-6c71-4263-95d6-b4394200852f","timestamp":"2021-05-16T17:30:42.395Z","serial":0,"level":"LOG","msg":"Sync logs error: { RequestError: connect ECONNREFUSED 127.0.0.1:3000\n    at ClientRequest.req.once.err (/mnt/c/Users/shivc/Documents/Crypto/lamassu-machine/node_modules/got/index.js:111:21)\n    at Object.onceWrapper (events.js:286:20)\n    at ClientRequest.emit (events.js:203:15)\n    at TLSSocket.socketErrorListener (_http_client.js:401:9)\n    at TLSSocket.emit (events.js:198:13)\n    at emitErrorNT (internal/streams/destroy.js:91:8)\n    at emitErrorAndCloseNT (internal/streams/destroy.js:59:3)\n    at process._tickCallback (internal/process/next_tick.js:63:19)\n  name: 'RequestError',\n  code: 'ECONNREFUSED',\n  host: 'localhost',\n  hostname: null,\n  method: 'GET',\n  path: '/logs',\n  protocol: 'https:',\n  url: '/logs' }"}
{"id":"dec20b3f-3939-4c40-ae4d-8ab1eaae4bcc","timestamp":"2021-05-16T17:33:40.415Z","serial":0,"level":"LOG","msg":"fastUpdateTx {}"}
{"id":"f34a4655-bb22-4ad9-9142-91de2d3b9a80","timestamp":"2021-05-16T17:33:40.432Z","serial":0,"level":"LOG","msg":"new brain state: acceptingBills"}
{"id":"bfc6b9ec-06d1-4ccd-8ca2-1cafff2b4049","timestamp":"2021-05-16T17:33:43.031Z","serial":0,"level":"LOG","msg":"version: 7.5.0-beta.2, cpuLoad: 0.58, memUse: 56.5 MB, memFree: 19.2%\n  nodeUptime: 1.00h, osUptime: 35.08h"}
{"id":"0210cab0-3039-48ed-9348-09784bff3a18","timestamp":"2021-05-16T17:34:19.405Z","serial":0,"level":"LOG","msg":"Error sending cryptos: Response code 500 (Internal Server Error)"}
{"id":"faf2f6e9-efc6-4c55-b907-b30928d0b892","timestamp":"2021-05-16T17:34:19.408Z","serial":0,"level":"LOG","msg":"new brain state: withdrawFailure"}
{"id":"64ba07d8-081a-4a28-be58-69eb3efc0f78","timestamp":"2021-05-16T17:34:42.560Z","serial":0,"level":"LOG","msg":"new brain state: goodbye"}
{"id":"92513280-670a-415f-babe-15440036fb26","timestamp":"2021-05-16T17:34:44.568Z","serial":0,"level":"LOG","msg":"new brain state: pendingIdle"}
{"id":"6eb70f5d-05a4-4a37-813c-3abc5e5de1a3","timestamp":"2021-05-16T17:34:44.800Z","serial":0,"level":"LOG","msg":"new brain state: chooseCoin"}
{"id":"6d588602-0df1-4203-96b0-b4e807253642","timestamp":"2021-05-16T17:34:47.323Z","serial":0,"level":"LOG","msg":"new brain state: scanAddress"}
{"id":"1a27ef92-99d0-4807-813c-988921d385a9","timestamp":"2021-05-16T17:34:52.326Z","serial":0,"level":"LOG","msg":"DEBUG16: [main] *bc1qamfrcyurew0zzegwtgv8k04x045w5cquqcew94*"}
{"id":"7a4e211e-8b8d-4163-9c22-be6aa3a7a5a8","timestamp":"2021-05-16T17:34:52.328Z","serial":0,"level":"LOG","msg":"Failed to decode base58 address: Non-base58 character"}
{"id":"80550efa-7089-4a94-9120-d710cf603f38","timestamp":"2021-05-16T17:34:52.603Z","serial":0,"level":"LOG","msg":"new brain state: acceptingFirstBill"}
{"id":"b52f6939-f00b-455f-8c9a-9a10e6174e03","timestamp":"2021-05-16T17:35:11.608Z","serial":0,"level":"LOG","msg":"new brain state: billRead"}
{"id":"61fe1930-0497-4a2a-9570-17d5e13b4952","timestamp":"2021-05-16T17:35:11.610Z","serial":0,"level":"LOG","msg":"fastUpdateTx { fiat: BigNumber { s: 1, e: 2, c: [ 200 ] },\n  bills:\n   [ { id: '37a2bdf9-3851-4929-a9cc-7b3fdc098c23',\n       fiat: [BigNumber],\n       fiatCode: 'GTQ',\n       cryptoAtoms: [BigNumber],\n       cryptoAtomsAfterFee: [BigNumber],\n       cryptoCode: 'BTC',\n       cashInFee: [BigNumber],\n       cashInFeeCrypto: [BigNumber],\n       cashInTxsId: 'ef955118-03a5-4058-876c-09a65bf7e39e',\n       deviceTime: 1621186511606 } ] }"}
{"id":"8514712b-8193-4cac-8e0c-425a2a807d18","timestamp":"2021-05-16T17:35:11.650Z","serial":0,"level":"LOG","msg":"new brain state: acceptingBills"}
{"id":"5c48e13f-4020-48c1-9a95-ba7abe2ee8ec","timestamp":"2021-05-16T17:35:14.825Z","serial":0,"level":"LOG","msg":"new brain state: smsVerification"}
{"id":"1f3cebf4-ef58-49a6-9194-b48edb0ecf0c","timestamp":"2021-05-16T17:35:29.970Z","serial":0,"level":"LOG","msg":"new brain state: registerPhone"}
{"id":"0f13c6f3-402b-45cc-9a18-be30f261581d","timestamp":"2021-05-16T17:35:41.950Z","serial":0,"level":"LOG","msg":"new brain state: waiting"}
{"id":"5c044335-726a-45b5-bd3b-ff60784c6a1e","timestamp":"2021-05-16T17:35:42.456Z","serial":0,"level":"LOG","msg":"new brain state: securityCode"}
{"id":"89ab3e4d-ec6b-4010-bc1d-909b9401d14d","timestamp":"2021-05-16T17:35:48.702Z","serial":0,"level":"LOG","msg":"fastUpdateTx {}"}
{"id":"1663b7c2-d41e-4f79-b9f6-7b93edacf08f","timestamp":"2021-05-16T17:35:48.715Z","serial":0,"level":"LOG","msg":"new brain state: acceptingBills"}
{"id":"f91d657d-54cb-4922-9216-8670c3a27eb8","timestamp":"2021-05-16T17:35:57.228Z","serial":0,"level":"LOG","msg":"new brain state: billRead"}
{"id":"3308dc3b-4508-4ad9-ae86-24ea90d1bdd1","timestamp":"2021-05-16T17:35:57.229Z","serial":0,"level":"LOG","msg":"fastUpdateTx { fiat: BigNumber { s: 1, e: 2, c: [ 100 ] },\n  bills:\n   [ { id: '6f92bf38-6dfc-4263-900d-5ef84640a720',\n       fiat: [BigNumber],\n       fiatCode: 'GTQ',\n       cryptoAtoms: [BigNumber],\n       cryptoAtomsAfterFee: [BigNumber],\n       cryptoCode: 'BTC',\n       cashInFee: [BigNumber],\n       cashInFeeCrypto: [BigNumber],\n       cashInTxsId: 'ef955118-03a5-4058-876c-09a65bf7e39e',\n       deviceTime: 1621186557226 } ] }"}
{"id":"d192ab87-20af-4d97-bc42-9d82622d9cac","timestamp":"2021-05-16T17:35:57.268Z","serial":0,"level":"LOG","msg":"new brain state: acceptingBills"}
{"id":"ed1f8f8a-ff36-402c-8bae-f4d7b9777b1e","timestamp":"2021-05-16T17:36:01.722Z","serial":0,"level":"LOG","msg":"new brain state: billRead"}
{"id":"2b5c5279-cffc-4316-8d78-4718f5279e01","timestamp":"2021-05-16T17:36:01.724Z","serial":0,"level":"LOG","msg":"fastUpdateTx { fiat: BigNumber { s: 1, e: 2, c: [ 100 ] },\n  bills:\n   [ { id: '2f7b217c-27d5-4140-af9b-c5f80d087bd6',\n       fiat: [BigNumber],\n       fiatCode: 'GTQ',\n       cryptoAtoms: [BigNumber],\n       cryptoAtomsAfterFee: [BigNumber],\n       cryptoCode: 'BTC',\n       cashInFee: [BigNumber],\n       cashInFeeCrypto: [BigNumber],\n       cashInTxsId: 'ef955118-03a5-4058-876c-09a65bf7e39e',\n       deviceTime: 1621186561720 } ] }"}
{"id":"be55ffda-cf14-457e-8d89-7fb9da22e33b","timestamp":"2021-05-16T17:36:01.776Z","serial":0,"level":"LOG","msg":"new brain state: acceptingBills"}
{"id":"08174395-6157-402d-8450-615ce26eb6b0","timestamp":"2021-05-16T17:36:06.402Z","serial":0,"level":"LOG","msg":"new brain state: billRead"}
{"id":"750920c1-1bbb-4822-bcb7-1f6befa99e1a","timestamp":"2021-05-16T17:36:06.404Z","serial":0,"level":"LOG","msg":"fastUpdateTx { fiat: BigNumber { s: 1, e: 2, c: [ 100 ] },\n  bills:\n   [ { id: '72bbf489-af5a-4e0c-b8b4-7ddd6008b443',\n       fiat: [BigNumber],\n       fiatCode: 'GTQ',\n       cryptoAtoms: [BigNumber],\n       cryptoAtomsAfterFee: [BigNumber],\n       cryptoCode: 'BTC',\n       cashInFee: [BigNumber],\n       cashInFeeCrypto: [BigNumber],\n       cashInTxsId: 'ef955118-03a5-4058-876c-09a65bf7e39e',\n       deviceTime: 1621186566400 } ] }"}
{"id":"07140709-8373-42b9-b6bc-8a72729b88fa","timestamp":"2021-05-16T17:36:06.425Z","serial":0,"level":"LOG","msg":"new brain state: acceptingBills"}
{"id":"78c7c079-edde-43fb-96a4-e8ea72319317","timestamp":"2021-05-16T17:36:11.596Z","serial":0,"level":"LOG","msg":"new brain state: permission_face_photo"}
{"id":"730fd680-d4fa-4196-bb18-9a45cf8737ea","timestamp":"2021-05-16T17:36:13.252Z","serial":0,"level":"ERROR","msg":"Trace: Attempting to reject, not in bill accepting state.\n    at Brain._billRead (/mnt/c/Users/shivc/Documents/Crypto/lamassu-machine/lib/brain.js:2589:13)\n    at Id003.<anonymous> (/mnt/c/Users/shivc/Documents/Crypto/lamassu-machine/lib/brain.js:456:55)\n    at Id003.emit (events.js:198:13)\n    at Id003.handleCommand (/mnt/c/Users/shivc/Documents/Crypto/lamassu-machine/lib/mocks/id003.js:60:12)\n    at Socket.socket.on (/mnt/c/Users/shivc/Documents/Crypto/lamassu-machine/lib/mocks/id003.js:72:33)\n    at Socket.emit (events.js:198:13)\n    at addChunk (_stream_readable.js:288:12)\n    at readableAddChunk (_stream_readable.js:269:11)\n    at Socket.Readable.push (_stream_readable.js:224:10)\n    at TCP.onStreamRead [as onread] (internal/stream_base_commons.js:94:17)"}
{"id":"ac65aeca-96e6-49ae-a81e-5dfbcf87fdad","timestamp":"2021-05-16T17:36:13.279Z","serial":0,"level":"LOG","msg":"new brain state: acceptingBills"}
{"id":"144a3681-9e6e-46dc-8502-71c83a5dcdda","timestamp":"2021-05-16T17:36:20.396Z","serial":0,"level":"LOG","msg":"fastUpdateTx {}"}
{"id":"21b35e03-a4f5-4689-b7f4-1ec498022c12","timestamp":"2021-05-16T17:36:28.064Z","serial":0,"level":"LOG","msg":"fastUpdateTx {}"}
{"id":"8097bbde-8fa7-4e2c-96c7-a9a7befcda71","timestamp":"2021-05-16T17:37:30.545Z","serial":0,"level":"LOG","msg":"Error sending cryptos: Response code 500 (Internal Server Error)"}
{"id":"32b4245f-edf6-4c76-afcc-d47c9481feb6","timestamp":"2021-05-16T17:37:30.547Z","serial":0,"level":"LOG","msg":"new brain state: withdrawFailure"}
{"id":"58b00016-b50f-41d2-bc0c-b6814e39b2a4","timestamp":"2021-05-16T17:38:30.548Z","serial":0,"level":"LOG","msg":"new brain state: pendingIdle"}
{"id":"6c8db696-376f-4929-9c93-370f643fb2b9","timestamp":"2021-05-16T17:38:30.874Z","serial":0,"level":"LOG","msg":"new brain state: chooseCoin"}
{"id":"29bed170-200d-4a30-866e-1fa29f41bfa8","timestamp":"2021-05-16T17:39:24.931Z","serial":0,"level":"LOG","msg":"new brain state: scanAddress"}
{"id":"7b0a644a-0541-4676-b16b-e19d0b937fc4","timestamp":"2021-05-16T17:39:29.933Z","serial":0,"level":"LOG","msg":"DEBUG16: [main] *bc1qamfrcyurew0zzegwtgv8k04x045w5cquqcew94*"}
{"id":"b3775e4d-2b4a-4e97-b2a2-b5ca11b385f6","timestamp":"2021-05-16T17:39:29.935Z","serial":0,"level":"LOG","msg":"Failed to decode base58 address: Non-base58 character"}
{"id":"c5e50264-9d2c-4881-a0f5-d1ba7a91e1c0","timestamp":"2021-05-16T17:39:30.292Z","serial":0,"level":"LOG","msg":"new brain state: acceptingFirstBill"}
{"id":"c2956618-7d27-42a5-a94f-82d1bcc7fe96","timestamp":"2021-05-16T17:39:51.201Z","serial":0,"level":"LOG","msg":"fastUpdateTx { fiat: BigNumber { s: 1, e: 2, c: [ 200 ] },\n  bills:\n   [ { id: '477217c6-a946-400c-9ea7-2dbfe5fff762',\n       fiat: [BigNumber],\n       fiatCode: 'GTQ',\n       cryptoAtoms: [BigNumber],\n       cryptoAtomsAfterFee: [BigNumber],\n       cryptoCode: 'BTC',\n       cashInFee: [BigNumber],\n       cashInFeeCrypto: [BigNumber],\n       cashInTxsId: '4bd0e911-6557-4f0b-8dc8-5c80361e960f',\n       deviceTime: 1621186791198 } ] }"}
{"id":"ddee8417-32c9-40df-90d6-08b9c3d34040","timestamp":"2021-05-16T17:39:51.199Z","serial":0,"level":"LOG","msg":"new brain state: billRead"}
{"id":"f67532bd-0e2b-482e-bb16-88d8be729f5a","timestamp":"2021-05-16T17:39:51.239Z","serial":0,"level":"LOG","msg":"new brain state: acceptingBills"}
{"id":"6f92a0a8-0171-4c59-ba9c-360629d596fd","timestamp":"2021-05-16T17:39:53.074Z","serial":0,"level":"LOG","msg":"new brain state: smsVerification"}
{"id":"76eeceed-b4c1-48b9-a0b9-2fb07155cdff","timestamp":"2021-05-16T17:40:00.170Z","serial":0,"level":"LOG","msg":"new brain state: registerPhone"}
{"id":"3dddbeef-0d33-4fd8-ae9c-95e08c1faef8","timestamp":"2021-05-16T17:40:10.582Z","serial":0,"level":"LOG","msg":"new brain state: waiting"}
{"id":"d62e629f-554c-403c-b4a7-6b120fd48235","timestamp":"2021-05-16T17:40:11.086Z","serial":0,"level":"LOG","msg":"new brain state: securityCode"}
{"id":"34811833-3a9f-4528-be78-d7169959df76","timestamp":"2021-05-16T17:40:22.316Z","serial":0,"level":"LOG","msg":"fastUpdateTx {}"}
{"id":"65af4f9a-79a0-4ccc-ba5b-c92ba8f8a79d","timestamp":"2021-05-16T17:40:22.325Z","serial":0,"level":"LOG","msg":"new brain state: acceptingBills"}
{"id":"6f051ed6-573b-4c2b-8caa-7087121cc679","timestamp":"2021-05-16T17:40:32.642Z","serial":0,"level":"LOG","msg":"new brain state: billRead"}
{"id":"e0842afc-3a03-4a14-994b-60bc3be10941","timestamp":"2021-05-16T17:40:32.644Z","serial":0,"level":"LOG","msg":"fastUpdateTx { fiat: BigNumber { s: 1, e: 2, c: [ 100 ] },\n  bills:\n   [ { id: '009288f4-818f-494c-b0c1-797c9383f047',\n       fiat: [BigNumber],\n       fiatCode: 'GTQ',\n       cryptoAtoms: [BigNumber],\n       cryptoAtomsAfterFee: [BigNumber],\n       cryptoCode: 'BTC',\n       cashInFee: [BigNumber],\n       cashInFeeCrypto: [BigNumber],\n       cashInTxsId: '4bd0e911-6557-4f0b-8dc8-5c80361e960f',\n       deviceTime: 1621186832640 } ] }"}
{"id":"f3e30dd5-f505-49b7-9d09-acec40e17a30","timestamp":"2021-05-16T17:40:32.682Z","serial":0,"level":"LOG","msg":"new brain state: acceptingBills"}
{"id":"f83a05b2-48f0-4e32-a273-31df9cd2c660","timestamp":"2021-05-16T17:40:35.728Z","serial":0,"level":"LOG","msg":"new brain state: billRead"}
{"id":"7e6a7122-492b-4cfe-8ac4-79534ddd3c68","timestamp":"2021-05-16T17:40:35.730Z","serial":0,"level":"LOG","msg":"fastUpdateTx { fiat: BigNumber { s: 1, e: 2, c: [ 100 ] },\n  bills:\n   [ { id: 'cdd706bd-92ef-4c7c-98fd-d61d1789d36f',\n       fiat: [BigNumber],\n       fiatCode: 'GTQ',\n       cryptoAtoms: [BigNumber],\n       cryptoAtomsAfterFee: [BigNumber],\n       cryptoCode: 'BTC',\n       cashInFee: [BigNumber],\n       cashInFeeCrypto: [BigNumber],\n       cashInTxsId: '4bd0e911-6557-4f0b-8dc8-5c80361e960f',\n       deviceTime: 1621186835726 } ] }"}
{"id":"042f5800-1ea0-4075-b8ae-9a4bc8ce13a4","timestamp":"2021-05-16T17:40:35.771Z","serial":0,"level":"LOG","msg":"new brain state: acceptingBills"}
{"id":"85341b4d-7bef-40bd-a704-dc2335c43086","timestamp":"2021-05-16T17:40:38.556Z","serial":0,"level":"LOG","msg":"new brain state: billRead"}
{"id":"31b1b9c4-81df-43a1-a6cd-7d28a4ed77d8","timestamp":"2021-05-16T17:40:38.558Z","serial":0,"level":"LOG","msg":"fastUpdateTx { fiat: BigNumber { s: 1, e: 2, c: [ 100 ] },\n  bills:\n   [ { id: '36e18299-8592-42b0-910f-17102c2d3046',\n       fiat: [BigNumber],\n       fiatCode: 'GTQ',\n       cryptoAtoms: [BigNumber],\n       cryptoAtomsAfterFee: [BigNumber],\n       cryptoCode: 'BTC',\n       cashInFee: [BigNumber],\n       cashInFeeCrypto: [BigNumber],\n       cashInTxsId: '4bd0e911-6557-4f0b-8dc8-5c80361e960f',\n       deviceTime: 1621186838554 } ] }"}
{"id":"c3a925b7-fdc6-42d3-b624-bcf91d92f656","timestamp":"2021-05-16T17:40:38.581Z","serial":0,"level":"LOG","msg":"new brain state: acceptingBills"}
{"id":"908ea764-638d-4c73-a08f-cb079e023a6c","timestamp":"2021-05-16T17:40:41.258Z","serial":0,"level":"LOG","msg":"new brain state: permission_face_photo"}
{"id":"af416877-b1c4-4af5-9d1d-f6583e8c105c","timestamp":"2021-05-16T17:40:46.948Z","serial":0,"level":"LOG","msg":"new brain state: scan_face_photo"}
{"id":"3fb4c9ee-359d-4d58-a5f1-5d68bbd41678","timestamp":"2021-05-16T17:40:51.953Z","serial":0,"level":"LOG","msg":"new brain state: verifying_face_photo"}
{"id":"940a1c2c-e832-44a1-ba9f-911e4b2b1ec2","timestamp":"2021-05-16T17:40:52.439Z","serial":0,"level":"LOG","msg":"fastUpdateTx {}"}
{"id":"5ff1b13c-4d7b-481f-b314-b4b6cb034fab","timestamp":"2021-05-16T17:40:52.448Z","serial":0,"level":"LOG","msg":"new brain state: acceptingBills"}
{"id":"875718b4-edb4-45ce-b2dd-c4fe9edd7918","timestamp":"2021-05-16T17:41:04.367Z","serial":0,"level":"LOG","msg":"new brain state: billRead"}
{"id":"cc81b30e-eaac-4c2c-baf2-8c9c567b4247","timestamp":"2021-05-16T17:41:04.369Z","serial":0,"level":"LOG","msg":"fastUpdateTx { fiat: BigNumber { s: 1, e: 2, c: [ 100 ] },\n  bills:\n   [ { id: '570bb3f9-1a50-4724-b1f7-ac7a19ba80b5',\n       fiat: [BigNumber],\n       fiatCode: 'GTQ',\n       cryptoAtoms: [BigNumber],\n       cryptoAtomsAfterFee: [BigNumber],\n       cryptoCode: 'BTC',\n       cashInFee: [BigNumber],\n       cashInFeeCrypto: [BigNumber],\n       cashInTxsId: '4bd0e911-6557-4f0b-8dc8-5c80361e960f',\n       deviceTime: 1621186864365 } ] }"}
{"id":"03841725-0368-4a15-87ba-4ffcec8d572f","timestamp":"2021-05-16T17:41:04.418Z","serial":0,"level":"LOG","msg":"new brain state: acceptingBills"}
{"id":"394902a4-ba10-4a13-8075-2d9aa173ef9d","timestamp":"2021-05-16T17:41:07.574Z","serial":0,"level":"LOG","msg":"new brain state: billRead"}
{"id":"2e084c9a-2cdb-47ce-b0b3-ea366f30a899","timestamp":"2021-05-16T17:41:07.575Z","serial":0,"level":"LOG","msg":"fastUpdateTx { fiat: BigNumber { s: 1, e: 2, c: [ 200 ] },\n  bills:\n   [ { id: '7ad62d18-2a8e-4615-b6e4-1252170a0fee',\n       fiat: [BigNumber],\n       fiatCode: 'GTQ',\n       cryptoAtoms: [BigNumber],\n       cryptoAtomsAfterFee: [BigNumber],\n       cryptoCode: 'BTC',\n       cashInFee: [BigNumber],\n       cashInFeeCrypto: [BigNumber],\n       cashInTxsId: '4bd0e911-6557-4f0b-8dc8-5c80361e960f',\n       deviceTime: 1621186867572 } ] }"}
{"id":"9d4256b9-a0fb-4f71-a1f3-d9ccdbb2d7fe","timestamp":"2021-05-16T17:41:07.632Z","serial":0,"level":"LOG","msg":"new brain state: acceptingBills"}
{"id":"a7b0bc69-d50c-43b5-b365-985b6bb80835","timestamp":"2021-05-16T17:41:13.594Z","serial":0,"level":"LOG","msg":"new brain state: billRead"}
{"id":"6950e97a-7f2b-4b4a-9dcf-344d9ecbecc4","timestamp":"2021-05-16T17:41:13.596Z","serial":0,"level":"LOG","msg":"fastUpdateTx { fiat: BigNumber { s: 1, e: 2, c: [ 200 ] },\n  bills:\n   [ { id: 'a16e1b03-3ba0-4798-960f-fa4b2d471ea2',\n       fiat: [BigNumber],\n       fiatCode: 'GTQ',\n       cryptoAtoms: [BigNumber],\n       cryptoAtomsAfterFee: [BigNumber],\n       cryptoCode: 'BTC',\n       cashInFee: [BigNumber],\n       cashInFeeCrypto: [BigNumber],\n       cashInTxsId: '4bd0e911-6557-4f0b-8dc8-5c80361e960f',\n       deviceTime: 1621186873592 } ] }"}
{"id":"7ac7dcaa-7c8b-4e95-a372-2d9abe3c463f","timestamp":"2021-05-16T17:41:13.652Z","serial":0,"level":"LOG","msg":"new brain state: acceptingBills"}
{"id":"98c170c6-1397-4e63-acb7-469bf09724b7","timestamp":"2021-05-16T17:42:02.146Z","serial":0,"level":"LOG","msg":"Error sending cryptos: Response code 500 (Internal Server Error)"}
{"id":"51804e24-d5d5-4acf-a8a5-8543c2881f69","timestamp":"2021-05-16T17:42:02.147Z","serial":0,"level":"LOG","msg":"new brain state: withdrawFailure"}
{"id":"36a83fa7-4c51-4dd4-8611-6c1b6a9de657","timestamp":"2021-05-16T17:43:02.156Z","serial":0,"level":"LOG","msg":"new brain state: pendingIdle"}
{"id":"8e8dcc6c-d713-4584-9f1b-083198522a53","timestamp":"2021-05-16T17:43:02.409Z","serial":0,"level":"LOG","msg":"new brain state: chooseCoin"}
{"id":"cf23314d-51cd-4259-a6fe-6ea218247b4a","timestamp":"2021-05-16T17:56:28.340Z","serial":0,"level":"LOG","msg":"Temporary network hiccup [Request timed out]"}
{"id":"3aa34f14-0e8d-4eec-9f22-b886203f5c35","timestamp":"2021-05-16T18:00:24.209Z","serial":0,"level":"LOG","msg":"Temporary network hiccup [Request timed out]"}
{"id":"6c4effdc-ad14-471f-b7ef-32b2cd8d9dec","timestamp":"2021-05-16T18:03:14.256Z","serial":0,"level":"LOG","msg":"Temporary network hiccup [Request timed out]"}
{"id":"84eb4217-8328-4344-b4ef-a035fe388f82","timestamp":"2021-05-16T18:23:42.210Z","serial":0,"level":"LOG","msg":"Temporary network hiccup [Request timed out]"}
{"id":"066891d1-5fb8-4ef6-8484-98501a6a2704","timestamp":"2021-05-16T18:26:31.086Z","serial":0,"level":"LOG","msg":"new brain state: scanAddress"}
{"id":"7f2f9f46-f21b-4aa0-b059-734ac33b9d04","timestamp":"2021-05-16T18:26:36.088Z","serial":0,"level":"LOG","msg":"DEBUG16: [main] *bc1qamfrcyurew0zzegwtgv8k04x045w5cquqcew94*"}
{"id":"cc86378a-817e-4bd6-936c-d8618f3d62de","timestamp":"2021-05-16T18:26:36.090Z","serial":0,"level":"LOG","msg":"Failed to decode base58 address: Non-base58 character"}
{"id":"943e1098-36ec-40f2-96ac-94ce53b37ce3","timestamp":"2021-05-16T18:26:36.500Z","serial":0,"level":"LOG","msg":"new brain state: acceptingFirstBill"}
{"id":"56fa5fda-d309-4d13-be1a-912080be2eca","timestamp":"2021-05-16T18:27:17.128Z","serial":0,"level":"LOG","msg":"new brain state: pendingIdle"}
{"id":"f15b62fc-d8ae-48e7-879c-53e150dc55fc","timestamp":"2021-05-16T18:27:17.436Z","serial":0,"level":"LOG","msg":"new brain state: chooseCoin"}
{"id":"ef0013f6-324e-4620-ad29-4511c9f46e6d","timestamp":"2021-05-16T18:33:43.032Z","serial":0,"level":"LOG","msg":"version: 7.5.0-beta.2, cpuLoad: 0.58, memUse: 61.0 MB, memFree: 26.6%\n  nodeUptime: 2.00h, osUptime: 35.71h"}
{"id":"cab7176c-3b28-4f59-ae2e-2e5a2a4eabaf","timestamp":"2021-05-16T18:37:16.590Z","serial":0,"level":"LOG","msg":"connected to browser"}
{"id":"238150a2-a425-4fb4-9fc5-cd158c618af8","timestamp":"2021-05-16T18:38:08.832Z","serial":0,"level":"LOG","msg":"new brain state: scanAddress"}
{"id":"354449f4-913a-44c9-a522-57a05715b7d7","timestamp":"2021-05-16T18:38:13.835Z","serial":0,"level":"LOG","msg":"DEBUG16: [main] *bc1qamfrcyurew0zzegwtgv8k04x045w5cquqcew94*"}
{"id":"43884469-eb8b-4f51-94ee-85381cd65d69","timestamp":"2021-05-16T18:38:13.836Z","serial":0,"level":"LOG","msg":"Failed to decode base58 address: Non-base58 character"}
{"id":"dfc24b51-7a7d-4ffd-86d4-9583c14c867f","timestamp":"2021-05-16T18:38:13.990Z","serial":0,"level":"LOG","msg":"new brain state: acceptingFirstBill"}
{"id":"a87c9502-b1d6-452a-8ab7-4f96971e733f","timestamp":"2021-05-16T18:39:13.992Z","serial":0,"level":"LOG","msg":"new brain state: pendingIdle"}
{"id":"d102a14e-3d37-4cd4-8bde-fc0826ea8c56","timestamp":"2021-05-16T18:39:14.206Z","serial":0,"level":"LOG","msg":"new brain state: chooseCoin"}
